464  [restartedMain] INFO  com.hsc.cat.DummyCatApplication - Starting DummyCatApplication on BLRDT58 with PID 18348 (C:\Users\e01498\Documents\workspace-sts-3.9.2.RELEASE\DummyCAT\DummyCAT\target\classes started by e01498 in C:\Users\e01498\Documents\workspace-sts-3.9.2.RELEASE\DummyCAT\DummyCAT)
466  [restartedMain] DEBUG com.hsc.cat.DummyCatApplication - Running with Spring Boot v1.5.8.RELEASE, Spring v4.3.12.RELEASE
467  [restartedMain] INFO  com.hsc.cat.DummyCatApplication - No active profile set, falling back to default profiles: default
517  [restartedMain] INFO  o.s.b.c.e.AnnotationConfigEmbeddedWebApplicationContext - Refreshing org.springframework.boot.context.embedded.AnnotationConfigEmbeddedWebApplicationContext@739fe45d: startup date [Tue May 08 10:46:58 IST 2018]; root of context hierarchy
685  [background-preinit] INFO  o.h.validator.internal.util.Version - HV000001: Hibernate Validator 5.3.5.Final
2460 [restartedMain] INFO  o.s.b.c.e.t.TomcatEmbeddedServletContainer - Tomcat initialized with port(s): 8030 (http)
2475 [restartedMain] INFO  o.a.catalina.core.StandardService - Starting service [Tomcat]
2476 [restartedMain] INFO  o.a.catalina.core.StandardEngine - Starting Servlet Engine: Apache Tomcat/8.5.23
2594 [localhost-startStop-1] INFO  o.a.c.c.C.[Tomcat].[localhost].[/] - Initializing Spring embedded WebApplicationContext
2595 [localhost-startStop-1] INFO  o.s.web.context.ContextLoader - Root WebApplicationContext: initialization completed in 2086 ms
2712 [localhost-startStop-1] INFO  o.s.b.w.s.ServletRegistrationBean - Mapping servlet: 'dispatcherServlet' to [/]
2728 [localhost-startStop-1] INFO  o.s.b.w.s.FilterRegistrationBean - Mapping filter: 'characterEncodingFilter' to: [/*]
2728 [localhost-startStop-1] INFO  o.s.b.w.s.FilterRegistrationBean - Mapping filter: 'hiddenHttpMethodFilter' to: [/*]
2728 [localhost-startStop-1] INFO  o.s.b.w.s.FilterRegistrationBean - Mapping filter: 'httpPutFormContentFilter' to: [/*]
2728 [localhost-startStop-1] INFO  o.s.b.w.s.FilterRegistrationBean - Mapping filter: 'requestContextFilter' to: [/*]
3274 [restartedMain] INFO  o.s.o.j.LocalContainerEntityManagerFactoryBean - Building JPA container EntityManagerFactory for persistence unit 'default'
3286 [restartedMain] INFO  o.h.jpa.internal.util.LogHelper - HHH000204: Processing PersistenceUnitInfo [
	name: default
	...]
3332 [restartedMain] INFO  org.hibernate.Version - HHH000412: Hibernate Core {5.0.12.Final}
3334 [restartedMain] INFO  org.hibernate.cfg.Environment - HHH000206: hibernate.properties not found
3335 [restartedMain] INFO  org.hibernate.cfg.Environment - HHH000021: Bytecode provider name : javassist
3419 [restartedMain] INFO  o.h.annotations.common.Version - HCANN000001: Hibernate Commons Annotations {5.0.1.Final}
3516 [restartedMain] INFO  org.hibernate.dialect.Dialect - HHH000400: Using dialect: org.hibernate.dialect.MySQLDialect
3838 [restartedMain] INFO  o.s.o.j.LocalContainerEntityManagerFactoryBean - Initialized JPA EntityManagerFactory for persistence unit 'default'
4008 [restartedMain] INFO  o.h.h.i.QueryTranslatorFactoryInitiator - HHH000397: Using ASTQueryTranslatorFactory
4502 [restartedMain] INFO  o.s.w.s.m.m.a.RequestMappingHandlerAdapter - Looking for @ControllerAdvice: org.springframework.boot.context.embedded.AnnotationConfigEmbeddedWebApplicationContext@739fe45d: startup date [Tue May 08 10:46:58 IST 2018]; root of context hierarchy
4549 [restartedMain] INFO  o.s.w.s.m.m.a.RequestMappingHandlerMapping - Mapped "{[/employees],methods=[POST],consumes=[application/json],produces=[application/json]}" onto public com.hsc.cat.utilities.JSONOutputModel com.hsc.cat.controller.EmployeeDetailsController.save(com.hsc.cat.VO.EmployeeDetailsVO)
4563 [restartedMain] INFO  o.s.w.s.m.m.a.RequestMappingHandlerMapping - Mapped "{[/viewTeam/{id}],methods=[GET]}" onto public com.hsc.cat.TO.ViewTeamTO com.hsc.cat.controller.EmployeeDetailsController.viewTeam(java.lang.String)
4564 [restartedMain] INFO  o.s.w.s.m.m.a.RequestMappingHandlerMapping - Mapped "{[/verifyManager],methods=[POST]}" onto public org.springframework.http.ResponseEntity com.hsc.cat.controller.EmployeeDetailsController.verifyManager(com.hsc.cat.VO.VerifyManagerVO)
4565 [restartedMain] INFO  o.s.w.s.m.m.a.RequestMappingHandlerMapping - Mapped "{[/employees],methods=[GET],consumes=[application/json],produces=[application/json]}" onto public com.hsc.cat.utilities.JSONOutputModel com.hsc.cat.controller.EmployeeDetailsController.getAllEmployees()
4565 [restartedMain] INFO  o.s.w.s.m.m.a.RequestMappingHandlerMapping - Mapped "{[/getManagerDetails],methods=[GET]}" onto public org.springframework.http.ResponseEntity com.hsc.cat.controller.EmployeeDetailsController.getManagerDetails()
4566 [restartedMain] INFO  o.s.w.s.m.m.a.RequestMappingHandlerMapping - Mapped "{[/fetchMap],methods=[POST],consumes=[application/json],produces=[application/json]}" onto public com.hsc.cat.utilities.JSONOutputModel com.hsc.cat.controller.EmployeeSkillController.fetchMapDetails(com.hsc.cat.VO.MapVO)
4567 [restartedMain] INFO  o.s.w.s.m.m.a.RequestMappingHandlerMapping - Mapped "{[/viewSkill/{empId}],methods=[GET],consumes=[application/json],produces=[application/json]}" onto public com.hsc.cat.utilities.JSONOutputModel com.hsc.cat.controller.EmployeeSkillController.viewSkills(java.lang.String)
4568 [restartedMain] INFO  o.s.w.s.m.m.a.RequestMappingHandlerMapping - Mapped "{[/updateSkill],methods=[POST],consumes=[application/json],produces=[application/json]}" onto public com.hsc.cat.utilities.JSONOutputModel com.hsc.cat.controller.EmployeeSkillController.updateSkill(com.hsc.cat.VO.UpdateSkillsListVO)
4569 [restartedMain] INFO  o.s.w.s.m.m.a.RequestMappingHandlerMapping - Mapped "{[/getAllSelfRatedSkills/{empId}],methods=[GET],consumes=[application/json],produces=[application/json]}" onto public com.hsc.cat.utilities.JSONOutputModel com.hsc.cat.controller.EmployeeSkillController.getAllSelfRatedSkills(java.lang.String)
4570 [restartedMain] INFO  o.s.w.s.m.m.a.RequestMappingHandlerMapping - Mapped "{[/skills],methods=[POST]}" onto public com.hsc.cat.utilities.JSONOutputModel com.hsc.cat.controller.SkillController.addSkill(com.hsc.cat.VO.AddSkillVO)
4571 [restartedMain] INFO  o.s.w.s.m.m.a.RequestMappingHandlerMapping - Mapped "{[/skills],methods=[GET]}" onto public com.hsc.cat.utilities.JSONOutputModel com.hsc.cat.controller.SkillController.fetchAllSkills()
4572 [restartedMain] INFO  o.s.w.s.m.m.a.RequestMappingHandlerMapping - Mapped "{[/searchSkill/{skillName}],methods=[GET]}" onto public com.hsc.cat.utilities.JSONOutputModel com.hsc.cat.controller.SkillController.searchSkill(java.lang.String)
4576 [restartedMain] INFO  o.s.w.s.m.m.a.RequestMappingHandlerMapping - Mapped "{[/validateUser],methods=[POST]}" onto public com.hsc.cat.TO.ResponseTO com.hsc.cat.controller.UserController.validateUser(com.hsc.cat.VO.ValidateUserVO)
4577 [restartedMain] INFO  o.s.w.s.m.m.a.RequestMappingHandlerMapping - Mapped "{[/changePassword],methods=[POST]}" onto public com.hsc.cat.TO.ResponseTO com.hsc.cat.controller.UserController.changePassword(com.hsc.cat.VO.ChangePasswordVO)
4577 [restartedMain] INFO  o.s.w.s.m.m.a.RequestMappingHandlerMapping - Mapped "{[/forgetPassword],methods=[POST]}" onto public com.hsc.cat.TO.ResponseTO com.hsc.cat.controller.UserController.forgetPassword(com.hsc.cat.VO.ForgetPasswordVO)
4578 [restartedMain] INFO  o.s.w.s.m.m.a.RequestMappingHandlerMapping - Mapped "{[/validateSecurityQuestion],methods=[POST],consumes=[application/json],produces=[application/json]}" onto public com.hsc.cat.utilities.JSONOutputModel com.hsc.cat.controller.UserController.validateSecurityQuestion(com.hsc.cat.VO.ValidateSecurityQuestionVO)
4580 [restartedMain] INFO  o.s.w.s.m.m.a.RequestMappingHandlerMapping - Mapped "{[/error]}" onto public org.springframework.http.ResponseEntity<java.util.Map<java.lang.String, java.lang.Object>> org.springframework.boot.autoconfigure.web.BasicErrorController.error(javax.servlet.http.HttpServletRequest)
4581 [restartedMain] INFO  o.s.w.s.m.m.a.RequestMappingHandlerMapping - Mapped "{[/error],produces=[text/html]}" onto public org.springframework.web.servlet.ModelAndView org.springframework.boot.autoconfigure.web.BasicErrorController.errorHtml(javax.servlet.http.HttpServletRequest,javax.servlet.http.HttpServletResponse)
4608 [restartedMain] INFO  o.s.w.s.h.SimpleUrlHandlerMapping - Mapped URL path [/webjars/**] onto handler of type [class org.springframework.web.servlet.resource.ResourceHttpRequestHandler]
4609 [restartedMain] INFO  o.s.w.s.h.SimpleUrlHandlerMapping - Mapped URL path [/**] onto handler of type [class org.springframework.web.servlet.resource.ResourceHttpRequestHandler]
4640 [restartedMain] INFO  o.s.w.s.h.SimpleUrlHandlerMapping - Mapped URL path [/**/favicon.ico] onto handler of type [class org.springframework.web.servlet.resource.ResourceHttpRequestHandler]
4858 [restartedMain] INFO  o.s.b.d.a.OptionalLiveReloadServer - LiveReload server is running on port 35729
4885 [restartedMain] INFO  o.s.j.e.a.AnnotationMBeanExporter - Registering beans for JMX exposure on startup
4885 [restartedMain] INFO  o.s.s.a.ScheduledAnnotationBeanPostProcessor - No TaskScheduler/ScheduledExecutorService bean found for scheduled processing
4900 [restartedMain] INFO  o.a.coyote.http11.Http11NioProtocol - Initializing ProtocolHandler ["http-nio-8030"]
4916 [restartedMain] INFO  o.a.coyote.http11.Http11NioProtocol - Starting ProtocolHandler ["http-nio-8030"]
4948 [restartedMain] INFO  o.a.tomcat.util.net.NioSelectorPool - Using a shared selector for servlet write/read
4962 [restartedMain] INFO  o.s.b.c.e.t.TomcatEmbeddedServletContainer - Tomcat started on port(s): 8030 (http)
4972 [restartedMain] INFO  com.hsc.cat.DummyCatApplication - Started DummyCatApplication in 4.685 seconds (JVM running for 5.138)
68765 [Thread-7] INFO  o.s.b.c.e.AnnotationConfigEmbeddedWebApplicationContext - Closing org.springframework.boot.context.embedded.AnnotationConfigEmbeddedWebApplicationContext@739fe45d: startup date [Tue May 08 10:46:58 IST 2018]; root of context hierarchy
68770 [Thread-7] WARN  o.s.b.f.s.DisposableBeanAdapter - Invocation of destroy method failed on bean with name 'classPathFileSystemWatcher': java.lang.NullPointerException
68772 [Thread-7] INFO  o.s.j.e.a.AnnotationMBeanExporter - Unregistering JMX-exposed beans on shutdown
68779 [Thread-7] INFO  o.s.o.j.LocalContainerEntityManagerFactoryBean - Closing JPA EntityManagerFactory for persistence unit 'default'
69135 [restartedMain] INFO  com.hsc.cat.DummyCatApplication - Starting DummyCatApplication on BLRDT58 with PID 18348 (C:\Users\e01498\Documents\workspace-sts-3.9.2.RELEASE\DummyCAT\DummyCAT\target\classes started by e01498 in C:\Users\e01498\Documents\workspace-sts-3.9.2.RELEASE\DummyCAT\DummyCAT)
69135 [restartedMain] DEBUG com.hsc.cat.DummyCatApplication - Running with Spring Boot v1.5.8.RELEASE, Spring v4.3.12.RELEASE
69135 [restartedMain] INFO  com.hsc.cat.DummyCatApplication - No active profile set, falling back to default profiles: default
69137 [restartedMain] INFO  o.s.b.c.e.AnnotationConfigEmbeddedWebApplicationContext - Refreshing org.springframework.boot.context.embedded.AnnotationConfigEmbeddedWebApplicationContext@a3198e4: startup date [Tue May 08 10:48:06 IST 2018]; root of context hierarchy
69705 [restartedMain] INFO  o.s.b.c.e.t.TomcatEmbeddedServletContainer - Tomcat initialized with port(s): 8030 (http)
69706 [restartedMain] INFO  o.a.catalina.core.StandardService - Starting service [Tomcat]
69707 [restartedMain] INFO  o.a.catalina.core.StandardEngine - Starting Servlet Engine: Apache Tomcat/8.5.23
69729 [localhost-startStop-1] INFO  o.a.c.c.C.[Tomcat].[localhost].[/] - Initializing Spring embedded WebApplicationContext
69729 [localhost-startStop-1] INFO  o.s.web.context.ContextLoader - Root WebApplicationContext: initialization completed in 592 ms
69777 [localhost-startStop-1] INFO  o.s.b.w.s.ServletRegistrationBean - Mapping servlet: 'dispatcherServlet' to [/]
69779 [localhost-startStop-1] INFO  o.s.b.w.s.FilterRegistrationBean - Mapping filter: 'characterEncodingFilter' to: [/*]
69780 [localhost-startStop-1] INFO  o.s.b.w.s.FilterRegistrationBean - Mapping filter: 'hiddenHttpMethodFilter' to: [/*]
69781 [localhost-startStop-1] INFO  o.s.b.w.s.FilterRegistrationBean - Mapping filter: 'httpPutFormContentFilter' to: [/*]
69782 [localhost-startStop-1] INFO  o.s.b.w.s.FilterRegistrationBean - Mapping filter: 'requestContextFilter' to: [/*]
69917 [restartedMain] INFO  o.s.o.j.LocalContainerEntityManagerFactoryBean - Building JPA container EntityManagerFactory for persistence unit 'default'
69917 [restartedMain] INFO  o.h.jpa.internal.util.LogHelper - HHH000204: Processing PersistenceUnitInfo [
	name: default
	...]
69941 [restartedMain] INFO  org.hibernate.dialect.Dialect - HHH000400: Using dialect: org.hibernate.dialect.MySQLDialect
69969 [restartedMain] INFO  o.s.o.j.LocalContainerEntityManagerFactoryBean - Initialized JPA EntityManagerFactory for persistence unit 'default'
70003 [restartedMain] INFO  o.h.h.i.QueryTranslatorFactoryInitiator - HHH000397: Using ASTQueryTranslatorFactory
70146 [restartedMain] INFO  o.s.w.s.m.m.a.RequestMappingHandlerAdapter - Looking for @ControllerAdvice: org.springframework.boot.context.embedded.AnnotationConfigEmbeddedWebApplicationContext@a3198e4: startup date [Tue May 08 10:48:06 IST 2018]; root of context hierarchy
70151 [restartedMain] INFO  o.s.w.s.m.m.a.RequestMappingHandlerMapping - Mapped "{[/employees],methods=[POST],consumes=[application/json],produces=[application/json]}" onto public com.hsc.cat.utilities.JSONOutputModel com.hsc.cat.controller.EmployeeDetailsController.save(com.hsc.cat.VO.EmployeeDetailsVO)
70152 [restartedMain] INFO  o.s.w.s.m.m.a.RequestMappingHandlerMapping - Mapped "{[/viewTeam/{id}],methods=[GET]}" onto public com.hsc.cat.TO.ViewTeamTO com.hsc.cat.controller.EmployeeDetailsController.viewTeam(java.lang.String)
70153 [restartedMain] INFO  o.s.w.s.m.m.a.RequestMappingHandlerMapping - Mapped "{[/verifyManager],methods=[POST]}" onto public org.springframework.http.ResponseEntity com.hsc.cat.controller.EmployeeDetailsController.verifyManager(com.hsc.cat.VO.VerifyManagerVO)
70153 [restartedMain] INFO  o.s.w.s.m.m.a.RequestMappingHandlerMapping - Mapped "{[/employees],methods=[GET],consumes=[application/json],produces=[application/json]}" onto public com.hsc.cat.utilities.JSONOutputModel com.hsc.cat.controller.EmployeeDetailsController.getAllEmployees()
70154 [restartedMain] INFO  o.s.w.s.m.m.a.RequestMappingHandlerMapping - Mapped "{[/getManagerDetails],methods=[GET]}" onto public org.springframework.http.ResponseEntity com.hsc.cat.controller.EmployeeDetailsController.getManagerDetails()
70155 [restartedMain] INFO  o.s.w.s.m.m.a.RequestMappingHandlerMapping - Mapped "{[/fetchMap],methods=[POST],consumes=[application/json],produces=[application/json]}" onto public com.hsc.cat.utilities.JSONOutputModel com.hsc.cat.controller.EmployeeSkillController.fetchMapDetails(com.hsc.cat.VO.MapVO)
70156 [restartedMain] INFO  o.s.w.s.m.m.a.RequestMappingHandlerMapping - Mapped "{[/viewSkill/{empId}],methods=[GET],consumes=[application/json],produces=[application/json]}" onto public com.hsc.cat.utilities.JSONOutputModel com.hsc.cat.controller.EmployeeSkillController.viewSkills(java.lang.String)
70157 [restartedMain] INFO  o.s.w.s.m.m.a.RequestMappingHandlerMapping - Mapped "{[/updateSkill],methods=[POST],consumes=[application/json],produces=[application/json]}" onto public com.hsc.cat.utilities.JSONOutputModel com.hsc.cat.controller.EmployeeSkillController.updateSkill(com.hsc.cat.VO.UpdateSkillsListVO)
70157 [restartedMain] INFO  o.s.w.s.m.m.a.RequestMappingHandlerMapping - Mapped "{[/getAllSelfRatedSkills/{empId}],methods=[GET],consumes=[application/json],produces=[application/json]}" onto public com.hsc.cat.utilities.JSONOutputModel com.hsc.cat.controller.EmployeeSkillController.getAllSelfRatedSkills(java.lang.String)
70158 [restartedMain] INFO  o.s.w.s.m.m.a.RequestMappingHandlerMapping - Mapped "{[/skills],methods=[POST]}" onto public com.hsc.cat.utilities.JSONOutputModel com.hsc.cat.controller.SkillController.addSkill(com.hsc.cat.VO.AddSkillVO)
70159 [restartedMain] INFO  o.s.w.s.m.m.a.RequestMappingHandlerMapping - Mapped "{[/skills],methods=[GET]}" onto public com.hsc.cat.utilities.JSONOutputModel com.hsc.cat.controller.SkillController.fetchAllSkills()
70160 [restartedMain] INFO  o.s.w.s.m.m.a.RequestMappingHandlerMapping - Mapped "{[/searchSkill/{skillName}],methods=[GET]}" onto public com.hsc.cat.utilities.JSONOutputModel com.hsc.cat.controller.SkillController.searchSkill(java.lang.String)
70161 [restartedMain] INFO  o.s.w.s.m.m.a.RequestMappingHandlerMapping - Mapped "{[/validateUser],methods=[POST]}" onto public com.hsc.cat.TO.ResponseTO com.hsc.cat.controller.UserController.validateUser(com.hsc.cat.VO.ValidateUserVO)
70161 [restartedMain] INFO  o.s.w.s.m.m.a.RequestMappingHandlerMapping - Mapped "{[/changePassword],methods=[POST]}" onto public com.hsc.cat.TO.ResponseTO com.hsc.cat.controller.UserController.changePassword(com.hsc.cat.VO.ChangePasswordVO)
70162 [restartedMain] INFO  o.s.w.s.m.m.a.RequestMappingHandlerMapping - Mapped "{[/forgetPassword],methods=[POST]}" onto public com.hsc.cat.TO.ResponseTO com.hsc.cat.controller.UserController.forgetPassword(com.hsc.cat.VO.ForgetPasswordVO)
70162 [restartedMain] INFO  o.s.w.s.m.m.a.RequestMappingHandlerMapping - Mapped "{[/validateSecurityQuestion],methods=[POST],consumes=[application/json],produces=[application/json]}" onto public com.hsc.cat.utilities.JSONOutputModel com.hsc.cat.controller.UserController.validateSecurityQuestion(com.hsc.cat.VO.ValidateSecurityQuestionVO)
70164 [restartedMain] INFO  o.s.w.s.m.m.a.RequestMappingHandlerMapping - Mapped "{[/error]}" onto public org.springframework.http.ResponseEntity<java.util.Map<java.lang.String, java.lang.Object>> org.springframework.boot.autoconfigure.web.BasicErrorController.error(javax.servlet.http.HttpServletRequest)
70165 [restartedMain] INFO  o.s.w.s.m.m.a.RequestMappingHandlerMapping - Mapped "{[/error],produces=[text/html]}" onto public org.springframework.web.servlet.ModelAndView org.springframework.boot.autoconfigure.web.BasicErrorController.errorHtml(javax.servlet.http.HttpServletRequest,javax.servlet.http.HttpServletResponse)
70170 [restartedMain] INFO  o.s.w.s.h.SimpleUrlHandlerMapping - Mapped URL path [/webjars/**] onto handler of type [class org.springframework.web.servlet.resource.ResourceHttpRequestHandler]
70171 [restartedMain] INFO  o.s.w.s.h.SimpleUrlHandlerMapping - Mapped URL path [/**] onto handler of type [class org.springframework.web.servlet.resource.ResourceHttpRequestHandler]
70179 [restartedMain] INFO  o.s.w.s.h.SimpleUrlHandlerMapping - Mapped URL path [/**/favicon.ico] onto handler of type [class org.springframework.web.servlet.resource.ResourceHttpRequestHandler]
70213 [restartedMain] INFO  o.s.b.d.a.OptionalLiveReloadServer - LiveReload server is running on port 35729
70257 [restartedMain] INFO  o.s.j.e.a.AnnotationMBeanExporter - Registering beans for JMX exposure on startup
70264 [restartedMain] INFO  o.s.s.a.ScheduledAnnotationBeanPostProcessor - No TaskScheduler/ScheduledExecutorService bean found for scheduled processing
70265 [restartedMain] INFO  o.a.coyote.http11.Http11NioProtocol - Initializing ProtocolHandler ["http-nio-8030"]
70266 [restartedMain] INFO  o.a.coyote.http11.Http11NioProtocol - Starting ProtocolHandler ["http-nio-8030"]
70268 [restartedMain] INFO  o.a.tomcat.util.net.NioSelectorPool - Using a shared selector for servlet write/read
70272 [restartedMain] INFO  o.s.b.c.e.t.TomcatEmbeddedServletContainer - Tomcat started on port(s): 8030 (http)
70274 [restartedMain] INFO  com.hsc.cat.DummyCatApplication - Started DummyCatApplication in 1.196 seconds (JVM running for 70.44)
146938 [Thread-11] INFO  o.s.b.c.e.AnnotationConfigEmbeddedWebApplicationContext - Closing org.springframework.boot.context.embedded.AnnotationConfigEmbeddedWebApplicationContext@a3198e4: startup date [Tue May 08 10:48:06 IST 2018]; root of context hierarchy
146942 [Thread-11] WARN  o.s.b.f.s.DisposableBeanAdapter - Invocation of destroy method failed on bean with name 'classPathFileSystemWatcher': java.lang.NullPointerException
146944 [Thread-11] INFO  o.s.j.e.a.AnnotationMBeanExporter - Unregistering JMX-exposed beans on shutdown
146948 [Thread-11] INFO  o.s.o.j.LocalContainerEntityManagerFactoryBean - Closing JPA EntityManagerFactory for persistence unit 'default'
311  [main] INFO  o.s.b.t.c.SpringBootTestContextBootstrapper - Neither @ContextConfiguration nor @ContextHierarchy found for test class [com.richa.spring.DummyCatApplicationTests], using SpringBootContextLoader
335  [main] INFO  o.s.t.c.s.AbstractContextLoader - Could not detect default resource locations for test class [com.richa.spring.DummyCatApplicationTests]: no resource found for suffixes {-context.xml, Context.groovy}.
337  [main] INFO  o.s.t.c.s.AnnotationConfigContextLoaderUtils - Could not detect default configuration classes for test class [com.richa.spring.DummyCatApplicationTests]: DummyCatApplicationTests does not declare any static, non-private, non-final, nested classes annotated with @Configuration.
593  [main] INFO  o.s.b.t.c.SpringBootTestContextBootstrapper - Neither @ContextConfiguration nor @ContextHierarchy found for test class [com.richa.spring.DummyCatApplicationTests], using SpringBootContextLoader
594  [main] INFO  o.s.t.c.s.AbstractContextLoader - Could not detect default resource locations for test class [com.richa.spring.DummyCatApplicationTests]: no resource found for suffixes {-context.xml, Context.groovy}.
595  [main] INFO  o.s.t.c.s.AnnotationConfigContextLoaderUtils - Could not detect default configuration classes for test class [com.richa.spring.DummyCatApplicationTests]: DummyCatApplicationTests does not declare any static, non-private, non-final, nested classes annotated with @Configuration.
170  [main] INFO  o.s.b.t.c.SpringBootTestContextBootstrapper - Neither @ContextConfiguration nor @ContextHierarchy found for test class [com.richa.spring.DummyCatApplicationTests], using SpringBootContextLoader
175  [main] INFO  o.s.t.c.s.AbstractContextLoader - Could not detect default resource locations for test class [com.richa.spring.DummyCatApplicationTests]: no resource found for suffixes {-context.xml, Context.groovy}.
176  [main] INFO  o.s.t.c.s.AnnotationConfigContextLoaderUtils - Could not detect default configuration classes for test class [com.richa.spring.DummyCatApplicationTests]: DummyCatApplicationTests does not declare any static, non-private, non-final, nested classes annotated with @Configuration.
251  [main] INFO  o.s.b.t.c.SpringBootTestContextBootstrapper - Neither @ContextConfiguration nor @ContextHierarchy found for test class [com.richa.spring.DummyCatApplicationTests], using SpringBootContextLoader
252  [main] INFO  o.s.t.c.s.AbstractContextLoader - Could not detect default resource locations for test class [com.richa.spring.DummyCatApplicationTests]: no resource found for suffixes {-context.xml, Context.groovy}.
253  [main] INFO  o.s.t.c.s.AnnotationConfigContextLoaderUtils - Could not detect default configuration classes for test class [com.richa.spring.DummyCatApplicationTests]: DummyCatApplicationTests does not declare any static, non-private, non-final, nested classes annotated with @Configuration.
166  [main] INFO  o.s.b.t.c.SpringBootTestContextBootstrapper - Neither @ContextConfiguration nor @ContextHierarchy found for test class [com.richa.spring.DummyCatApplicationTests], using SpringBootContextLoader
172  [main] INFO  o.s.t.c.s.AbstractContextLoader - Could not detect default resource locations for test class [com.richa.spring.DummyCatApplicationTests]: no resource found for suffixes {-context.xml, Context.groovy}.
173  [main] INFO  o.s.t.c.s.AnnotationConfigContextLoaderUtils - Could not detect default configuration classes for test class [com.richa.spring.DummyCatApplicationTests]: DummyCatApplicationTests does not declare any static, non-private, non-final, nested classes annotated with @Configuration.
255  [main] INFO  o.s.b.t.c.SpringBootTestContextBootstrapper - Neither @ContextConfiguration nor @ContextHierarchy found for test class [com.richa.spring.DummyCatApplicationTests], using SpringBootContextLoader
256  [main] INFO  o.s.t.c.s.AbstractContextLoader - Could not detect default resource locations for test class [com.richa.spring.DummyCatApplicationTests]: no resource found for suffixes {-context.xml, Context.groovy}.
257  [main] INFO  o.s.t.c.s.AnnotationConfigContextLoaderUtils - Could not detect default configuration classes for test class [com.richa.spring.DummyCatApplicationTests]: DummyCatApplicationTests does not declare any static, non-private, non-final, nested classes annotated with @Configuration.
162  [main] INFO  o.s.b.t.c.SpringBootTestContextBootstrapper - Neither @ContextConfiguration nor @ContextHierarchy found for test class [com.hsc.cat.DummyCatApplicationTests], using SpringBootContextLoader
167  [main] INFO  o.s.t.c.s.AbstractContextLoader - Could not detect default resource locations for test class [com.hsc.cat.DummyCatApplicationTests]: no resource found for suffixes {-context.xml, Context.groovy}.
168  [main] INFO  o.s.t.c.s.AnnotationConfigContextLoaderUtils - Could not detect default configuration classes for test class [com.hsc.cat.DummyCatApplicationTests]: DummyCatApplicationTests does not declare any static, non-private, non-final, nested classes annotated with @Configuration.
267  [main] INFO  o.s.b.t.c.SpringBootTestContextBootstrapper - Found @SpringBootConfiguration com.hsc.cat.DummyCatApplication for test class com.hsc.cat.DummyCatApplicationTests
275  [main] INFO  o.s.b.t.c.SpringBootTestContextBootstrapper - Loaded default TestExecutionListener class names from location [META-INF/spring.factories]: [org.springframework.boot.test.mock.mockito.MockitoTestExecutionListener, org.springframework.boot.test.mock.mockito.ResetMocksTestExecutionListener, org.springframework.boot.test.autoconfigure.restdocs.RestDocsTestExecutionListener, org.springframework.boot.test.autoconfigure.web.client.MockRestServiceServerResetTestExecutionListener, org.springframework.boot.test.autoconfigure.web.servlet.MockMvcPrintOnlyOnFailureTestExecutionListener, org.springframework.boot.test.autoconfigure.web.servlet.WebDriverTestExecutionListener, org.springframework.test.context.web.ServletTestExecutionListener, org.springframework.test.context.support.DirtiesContextBeforeModesTestExecutionListener, org.springframework.test.context.support.DependencyInjectionTestExecutionListener, org.springframework.test.context.support.DirtiesContextTestExecutionListener, org.springframework.test.context.transaction.TransactionalTestExecutionListener, org.springframework.test.context.jdbc.SqlScriptsTestExecutionListener]
315  [main] INFO  o.s.b.t.c.SpringBootTestContextBootstrapper - Using TestExecutionListeners: [org.springframework.test.context.web.ServletTestExecutionListener@460d0a57, org.springframework.test.context.support.DirtiesContextBeforeModesTestExecutionListener@47d90b9e, org.springframework.boot.test.autoconfigure.SpringBootDependencyInjectionTestExecutionListener@1184ab05, org.springframework.test.context.support.DirtiesContextTestExecutionListener@3aefe5e5, org.springframework.test.context.transaction.TransactionalTestExecutionListener@149e0f5d, org.springframework.test.context.jdbc.SqlScriptsTestExecutionListener@1b1473ab, org.springframework.boot.test.autoconfigure.web.servlet.WebDriverTestExecutionListener@2f7c2f4f, org.springframework.boot.test.mock.mockito.ResetMocksTestExecutionListener@6af93788, org.springframework.boot.test.autoconfigure.restdocs.RestDocsTestExecutionListener@ef9296d, org.springframework.boot.test.autoconfigure.web.client.MockRestServiceServerResetTestExecutionListener@36c88a32, org.springframework.boot.test.mock.mockito.MockitoTestExecutionListener@7880cdf3, org.springframework.boot.test.autoconfigure.web.servlet.MockMvcPrintOnlyOnFailureTestExecutionListener@5be6e01c]
319  [main] INFO  o.s.b.t.c.SpringBootTestContextBootstrapper - Neither @ContextConfiguration nor @ContextHierarchy found for test class [com.hsc.cat.DummyCatApplicationTests], using SpringBootContextLoader
320  [main] INFO  o.s.t.c.s.AbstractContextLoader - Could not detect default resource locations for test class [com.hsc.cat.DummyCatApplicationTests]: no resource found for suffixes {-context.xml, Context.groovy}.
320  [main] INFO  o.s.t.c.s.AnnotationConfigContextLoaderUtils - Could not detect default configuration classes for test class [com.hsc.cat.DummyCatApplicationTests]: DummyCatApplicationTests does not declare any static, non-private, non-final, nested classes annotated with @Configuration.
324  [main] INFO  o.s.b.t.c.SpringBootTestContextBootstrapper - Found @SpringBootConfiguration com.hsc.cat.DummyCatApplication for test class com.hsc.cat.DummyCatApplicationTests
332  [main] INFO  o.s.b.t.c.SpringBootTestContextBootstrapper - Loaded default TestExecutionListener class names from location [META-INF/spring.factories]: [org.springframework.boot.test.mock.mockito.MockitoTestExecutionListener, org.springframework.boot.test.mock.mockito.ResetMocksTestExecutionListener, org.springframework.boot.test.autoconfigure.restdocs.RestDocsTestExecutionListener, org.springframework.boot.test.autoconfigure.web.client.MockRestServiceServerResetTestExecutionListener, org.springframework.boot.test.autoconfigure.web.servlet.MockMvcPrintOnlyOnFailureTestExecutionListener, org.springframework.boot.test.autoconfigure.web.servlet.WebDriverTestExecutionListener, org.springframework.test.context.web.ServletTestExecutionListener, org.springframework.test.context.support.DirtiesContextBeforeModesTestExecutionListener, org.springframework.test.context.support.DependencyInjectionTestExecutionListener, org.springframework.test.context.support.DirtiesContextTestExecutionListener, org.springframework.test.context.transaction.TransactionalTestExecutionListener, org.springframework.test.context.jdbc.SqlScriptsTestExecutionListener]
334  [main] INFO  o.s.b.t.c.SpringBootTestContextBootstrapper - Using TestExecutionListeners: [org.springframework.test.context.web.ServletTestExecutionListener@28eaa59a, org.springframework.test.context.support.DirtiesContextBeforeModesTestExecutionListener@3427b02d, org.springframework.boot.test.autoconfigure.SpringBootDependencyInjectionTestExecutionListener@647e447, org.springframework.test.context.support.DirtiesContextTestExecutionListener@41fbdac4, org.springframework.test.context.transaction.TransactionalTestExecutionListener@3c407114, org.springframework.test.context.jdbc.SqlScriptsTestExecutionListener@35ef1869, org.springframework.boot.test.autoconfigure.web.servlet.WebDriverTestExecutionListener@c33b74f, org.springframework.boot.test.mock.mockito.ResetMocksTestExecutionListener@130161f7, org.springframework.boot.test.autoconfigure.restdocs.RestDocsTestExecutionListener@2c767a52, org.springframework.boot.test.autoconfigure.web.client.MockRestServiceServerResetTestExecutionListener@619713e5, org.springframework.boot.test.mock.mockito.MockitoTestExecutionListener@708f5957, org.springframework.boot.test.autoconfigure.web.servlet.MockMvcPrintOnlyOnFailureTestExecutionListener@68999068]
169  [main] INFO  o.s.b.t.c.SpringBootTestContextBootstrapper - Neither @ContextConfiguration nor @ContextHierarchy found for test class [com.hsc.cat.DummyCatApplicationTests], using SpringBootContextLoader
175  [main] INFO  o.s.t.c.s.AbstractContextLoader - Could not detect default resource locations for test class [com.hsc.cat.DummyCatApplicationTests]: no resource found for suffixes {-context.xml, Context.groovy}.
176  [main] INFO  o.s.t.c.s.AnnotationConfigContextLoaderUtils - Could not detect default configuration classes for test class [com.hsc.cat.DummyCatApplicationTests]: DummyCatApplicationTests does not declare any static, non-private, non-final, nested classes annotated with @Configuration.
255  [main] INFO  o.s.b.t.c.SpringBootTestContextBootstrapper - Found @SpringBootConfiguration com.hsc.cat.DummyCatApplication for test class com.hsc.cat.DummyCatApplicationTests
261  [main] INFO  o.s.b.t.c.SpringBootTestContextBootstrapper - Loaded default TestExecutionListener class names from location [META-INF/spring.factories]: [org.springframework.boot.test.mock.mockito.MockitoTestExecutionListener, org.springframework.boot.test.mock.mockito.ResetMocksTestExecutionListener, org.springframework.boot.test.autoconfigure.restdocs.RestDocsTestExecutionListener, org.springframework.boot.test.autoconfigure.web.client.MockRestServiceServerResetTestExecutionListener, org.springframework.boot.test.autoconfigure.web.servlet.MockMvcPrintOnlyOnFailureTestExecutionListener, org.springframework.boot.test.autoconfigure.web.servlet.WebDriverTestExecutionListener, org.springframework.test.context.web.ServletTestExecutionListener, org.springframework.test.context.support.DirtiesContextBeforeModesTestExecutionListener, org.springframework.test.context.support.DependencyInjectionTestExecutionListener, org.springframework.test.context.support.DirtiesContextTestExecutionListener, org.springframework.test.context.transaction.TransactionalTestExecutionListener, org.springframework.test.context.jdbc.SqlScriptsTestExecutionListener]
276  [main] INFO  o.s.b.t.c.SpringBootTestContextBootstrapper - Using TestExecutionListeners: [org.springframework.test.context.web.ServletTestExecutionListener@460d0a57, org.springframework.test.context.support.DirtiesContextBeforeModesTestExecutionListener@47d90b9e, org.springframework.boot.test.autoconfigure.SpringBootDependencyInjectionTestExecutionListener@1184ab05, org.springframework.test.context.support.DirtiesContextTestExecutionListener@3aefe5e5, org.springframework.test.context.transaction.TransactionalTestExecutionListener@149e0f5d, org.springframework.test.context.jdbc.SqlScriptsTestExecutionListener@1b1473ab, org.springframework.boot.test.autoconfigure.web.servlet.WebDriverTestExecutionListener@2f7c2f4f, org.springframework.boot.test.mock.mockito.ResetMocksTestExecutionListener@6af93788, org.springframework.boot.test.autoconfigure.restdocs.RestDocsTestExecutionListener@ef9296d, org.springframework.boot.test.autoconfigure.web.client.MockRestServiceServerResetTestExecutionListener@36c88a32, org.springframework.boot.test.mock.mockito.MockitoTestExecutionListener@7880cdf3, org.springframework.boot.test.autoconfigure.web.servlet.MockMvcPrintOnlyOnFailureTestExecutionListener@5be6e01c]
280  [main] INFO  o.s.b.t.c.SpringBootTestContextBootstrapper - Neither @ContextConfiguration nor @ContextHierarchy found for test class [com.hsc.cat.DummyCatApplicationTests], using SpringBootContextLoader
281  [main] INFO  o.s.t.c.s.AbstractContextLoader - Could not detect default resource locations for test class [com.hsc.cat.DummyCatApplicationTests]: no resource found for suffixes {-context.xml, Context.groovy}.
281  [main] INFO  o.s.t.c.s.AnnotationConfigContextLoaderUtils - Could not detect default configuration classes for test class [com.hsc.cat.DummyCatApplicationTests]: DummyCatApplicationTests does not declare any static, non-private, non-final, nested classes annotated with @Configuration.
285  [main] INFO  o.s.b.t.c.SpringBootTestContextBootstrapper - Found @SpringBootConfiguration com.hsc.cat.DummyCatApplication for test class com.hsc.cat.DummyCatApplicationTests
290  [main] INFO  o.s.b.t.c.SpringBootTestContextBootstrapper - Loaded default TestExecutionListener class names from location [META-INF/spring.factories]: [org.springframework.boot.test.mock.mockito.MockitoTestExecutionListener, org.springframework.boot.test.mock.mockito.ResetMocksTestExecutionListener, org.springframework.boot.test.autoconfigure.restdocs.RestDocsTestExecutionListener, org.springframework.boot.test.autoconfigure.web.client.MockRestServiceServerResetTestExecutionListener, org.springframework.boot.test.autoconfigure.web.servlet.MockMvcPrintOnlyOnFailureTestExecutionListener, org.springframework.boot.test.autoconfigure.web.servlet.WebDriverTestExecutionListener, org.springframework.test.context.web.ServletTestExecutionListener, org.springframework.test.context.support.DirtiesContextBeforeModesTestExecutionListener, org.springframework.test.context.support.DependencyInjectionTestExecutionListener, org.springframework.test.context.support.DirtiesContextTestExecutionListener, org.springframework.test.context.transaction.TransactionalTestExecutionListener, org.springframework.test.context.jdbc.SqlScriptsTestExecutionListener]
295  [main] INFO  o.s.b.t.c.SpringBootTestContextBootstrapper - Using TestExecutionListeners: [org.springframework.test.context.web.ServletTestExecutionListener@28eaa59a, org.springframework.test.context.support.DirtiesContextBeforeModesTestExecutionListener@3427b02d, org.springframework.boot.test.autoconfigure.SpringBootDependencyInjectionTestExecutionListener@647e447, org.springframework.test.context.support.DirtiesContextTestExecutionListener@41fbdac4, org.springframework.test.context.transaction.TransactionalTestExecutionListener@3c407114, org.springframework.test.context.jdbc.SqlScriptsTestExecutionListener@35ef1869, org.springframework.boot.test.autoconfigure.web.servlet.WebDriverTestExecutionListener@c33b74f, org.springframework.boot.test.mock.mockito.ResetMocksTestExecutionListener@130161f7, org.springframework.boot.test.autoconfigure.restdocs.RestDocsTestExecutionListener@2c767a52, org.springframework.boot.test.autoconfigure.web.client.MockRestServiceServerResetTestExecutionListener@619713e5, org.springframework.boot.test.mock.mockito.MockitoTestExecutionListener@708f5957, org.springframework.boot.test.autoconfigure.web.servlet.MockMvcPrintOnlyOnFailureTestExecutionListener@68999068]
201  [main] INFO  o.s.b.t.c.SpringBootTestContextBootstrapper - Neither @ContextConfiguration nor @ContextHierarchy found for test class [com.hsc.cat.DummyCatApplicationTests], using SpringBootContextLoader
206  [main] INFO  o.s.t.c.s.AbstractContextLoader - Could not detect default resource locations for test class [com.hsc.cat.DummyCatApplicationTests]: no resource found for suffixes {-context.xml, Context.groovy}.
207  [main] INFO  o.s.t.c.s.AnnotationConfigContextLoaderUtils - Could not detect default configuration classes for test class [com.hsc.cat.DummyCatApplicationTests]: DummyCatApplicationTests does not declare any static, non-private, non-final, nested classes annotated with @Configuration.
306  [main] INFO  o.s.b.t.c.SpringBootTestContextBootstrapper - Found @SpringBootConfiguration com.hsc.cat.DummyCatApplication for test class com.hsc.cat.DummyCatApplicationTests
316  [main] INFO  o.s.b.t.c.SpringBootTestContextBootstrapper - Loaded default TestExecutionListener class names from location [META-INF/spring.factories]: [org.springframework.boot.test.mock.mockito.MockitoTestExecutionListener, org.springframework.boot.test.mock.mockito.ResetMocksTestExecutionListener, org.springframework.boot.test.autoconfigure.restdocs.RestDocsTestExecutionListener, org.springframework.boot.test.autoconfigure.web.client.MockRestServiceServerResetTestExecutionListener, org.springframework.boot.test.autoconfigure.web.servlet.MockMvcPrintOnlyOnFailureTestExecutionListener, org.springframework.boot.test.autoconfigure.web.servlet.WebDriverTestExecutionListener, org.springframework.test.context.web.ServletTestExecutionListener, org.springframework.test.context.support.DirtiesContextBeforeModesTestExecutionListener, org.springframework.test.context.support.DependencyInjectionTestExecutionListener, org.springframework.test.context.support.DirtiesContextTestExecutionListener, org.springframework.test.context.transaction.TransactionalTestExecutionListener, org.springframework.test.context.jdbc.SqlScriptsTestExecutionListener]
334  [main] INFO  o.s.b.t.c.SpringBootTestContextBootstrapper - Using TestExecutionListeners: [org.springframework.test.context.web.ServletTestExecutionListener@460d0a57, org.springframework.test.context.support.DirtiesContextBeforeModesTestExecutionListener@47d90b9e, org.springframework.boot.test.autoconfigure.SpringBootDependencyInjectionTestExecutionListener@1184ab05, org.springframework.test.context.support.DirtiesContextTestExecutionListener@3aefe5e5, org.springframework.test.context.transaction.TransactionalTestExecutionListener@149e0f5d, org.springframework.test.context.jdbc.SqlScriptsTestExecutionListener@1b1473ab, org.springframework.boot.test.autoconfigure.web.servlet.WebDriverTestExecutionListener@2f7c2f4f, org.springframework.boot.test.mock.mockito.ResetMocksTestExecutionListener@6af93788, org.springframework.boot.test.autoconfigure.restdocs.RestDocsTestExecutionListener@ef9296d, org.springframework.boot.test.autoconfigure.web.client.MockRestServiceServerResetTestExecutionListener@36c88a32, org.springframework.boot.test.mock.mockito.MockitoTestExecutionListener@7880cdf3, org.springframework.boot.test.autoconfigure.web.servlet.MockMvcPrintOnlyOnFailureTestExecutionListener@5be6e01c]
339  [main] INFO  o.s.b.t.c.SpringBootTestContextBootstrapper - Neither @ContextConfiguration nor @ContextHierarchy found for test class [com.hsc.cat.DummyCatApplicationTests], using SpringBootContextLoader
339  [main] INFO  o.s.t.c.s.AbstractContextLoader - Could not detect default resource locations for test class [com.hsc.cat.DummyCatApplicationTests]: no resource found for suffixes {-context.xml, Context.groovy}.
340  [main] INFO  o.s.t.c.s.AnnotationConfigContextLoaderUtils - Could not detect default configuration classes for test class [com.hsc.cat.DummyCatApplicationTests]: DummyCatApplicationTests does not declare any static, non-private, non-final, nested classes annotated with @Configuration.
344  [main] INFO  o.s.b.t.c.SpringBootTestContextBootstrapper - Found @SpringBootConfiguration com.hsc.cat.DummyCatApplication for test class com.hsc.cat.DummyCatApplicationTests
352  [main] INFO  o.s.b.t.c.SpringBootTestContextBootstrapper - Loaded default TestExecutionListener class names from location [META-INF/spring.factories]: [org.springframework.boot.test.mock.mockito.MockitoTestExecutionListener, org.springframework.boot.test.mock.mockito.ResetMocksTestExecutionListener, org.springframework.boot.test.autoconfigure.restdocs.RestDocsTestExecutionListener, org.springframework.boot.test.autoconfigure.web.client.MockRestServiceServerResetTestExecutionListener, org.springframework.boot.test.autoconfigure.web.servlet.MockMvcPrintOnlyOnFailureTestExecutionListener, org.springframework.boot.test.autoconfigure.web.servlet.WebDriverTestExecutionListener, org.springframework.test.context.web.ServletTestExecutionListener, org.springframework.test.context.support.DirtiesContextBeforeModesTestExecutionListener, org.springframework.test.context.support.DependencyInjectionTestExecutionListener, org.springframework.test.context.support.DirtiesContextTestExecutionListener, org.springframework.test.context.transaction.TransactionalTestExecutionListener, org.springframework.test.context.jdbc.SqlScriptsTestExecutionListener]
355  [main] INFO  o.s.b.t.c.SpringBootTestContextBootstrapper - Using TestExecutionListeners: [org.springframework.test.context.web.ServletTestExecutionListener@28eaa59a, org.springframework.test.context.support.DirtiesContextBeforeModesTestExecutionListener@3427b02d, org.springframework.boot.test.autoconfigure.SpringBootDependencyInjectionTestExecutionListener@647e447, org.springframework.test.context.support.DirtiesContextTestExecutionListener@41fbdac4, org.springframework.test.context.transaction.TransactionalTestExecutionListener@3c407114, org.springframework.test.context.jdbc.SqlScriptsTestExecutionListener@35ef1869, org.springframework.boot.test.autoconfigure.web.servlet.WebDriverTestExecutionListener@c33b74f, org.springframework.boot.test.mock.mockito.ResetMocksTestExecutionListener@130161f7, org.springframework.boot.test.autoconfigure.restdocs.RestDocsTestExecutionListener@2c767a52, org.springframework.boot.test.autoconfigure.web.client.MockRestServiceServerResetTestExecutionListener@619713e5, org.springframework.boot.test.mock.mockito.MockitoTestExecutionListener@708f5957, org.springframework.boot.test.autoconfigure.web.servlet.MockMvcPrintOnlyOnFailureTestExecutionListener@68999068]
